#
# There is insufficient memory for the Java Runtime Environment to continue.
# Native memory allocation (malloc) failed to allocate 57808 bytes for Chunk::new
# Possible reasons:
#   The system is out of physical RAM or swap space
#   In 32 bit mode, the process size limit was hit
# Possible solutions:
#   Reduce memory load on the system
#   Increase physical memory or swap space
#   Check if swap backing store is full
#   Use 64 bit Java on a 64 bit OS
#   Decrease Java heap size (-Xmx/-Xms)
#   Decrease number of Java threads
#   Decrease Java thread stack sizes (-Xss)
#   Set larger code cache with -XX:ReservedCodeCacheSize=
# This output file may be truncated or incomplete.
#
#  Out of Memory Error (allocation.cpp:390), pid=10848, tid=0x0000000000002b74
#
# JRE version: OpenJDK Runtime Environment (8.0_152-b29) (build 1.8.0_152-release-1136-b29)
# Java VM: OpenJDK 64-Bit Server VM (25.152-b29 mixed mode windows-amd64 compressed oops)
# Failed to write core dump. Minidumps are not enabled by default on client versions of Windows
#

---------------  T H R E A D  ---------------

Current thread (0x000000001851b800):  JavaThread "C2 CompilerThread1" daemon [_thread_in_native, id=11124, stack(0x0000000018c10000,0x0000000018d10000)]

Stack: [0x0000000018c10000,0x0000000018d10000]
[error occurred during error reporting (printing stack bounds), id 0xc0000005]

Native frames: (J=compiled Java code, j=interpreted, Vv=VM code, C=native code)


Current CompileTask:
C2:   1806  307       4       java.math.BigInteger::implSquareToLen (154 bytes)


---------------  P R O C E S S  ---------------

Java Threads: ( => current thread )
  0x00000000188c4800 JavaThread "Thread-1" daemon [_thread_in_Java, id=13396, stack(0x0000000019010000,0x0000000019110000)]
  0x00000000185b5800 JavaThread "Service Thread" daemon [_thread_blocked, id=14808, stack(0x0000000018e10000,0x0000000018f10000)]
  0x000000001851f800 JavaThread "C1 CompilerThread2" daemon [_thread_blocked, id=13980, stack(0x0000000018d10000,0x0000000018e10000)]
=>0x000000001851b800 JavaThread "C2 CompilerThread1" daemon [_thread_in_native, id=11124, stack(0x0000000018c10000,0x0000000018d10000)]
  0x000000001711e000 JavaThread "C2 CompilerThread0" daemon [_thread_in_native, id=16364, stack(0x0000000018b10000,0x0000000018c10000)]
  0x0000000017169800 JavaThread "Attach Listener" daemon [_thread_blocked, id=10768, stack(0x0000000018a10000,0x0000000018b10000)]
  0x0000000018518800 JavaThread "Signal Dispatcher" daemon [_thread_blocked, id=16744, stack(0x0000000018910000,0x0000000018a10000)]
  0x00000000029dc800 JavaThread "Finalizer" daemon [_thread_blocked, id=3092, stack(0x00000000183b0000,0x00000000184b0000)]
  0x00000000029d1000 JavaThread "Reference Handler" daemon [_thread_blocked, id=14112, stack(0x00000000182b0000,0x00000000183b0000)]
  0x00000000029fe800 JavaThread "main" [_thread_blocked, id=18292, stack(0x0000000002490000,0x0000000002590000)]

Other Threads:
  0x00000000170d5000 VMThread [stack: 0x00000000181b0000,0x00000000182b0000] [id=20628]
  0x00000000185b6800 WatcherThread [stack: 0x0000000018f10000,0x0000000019010000] [id=6496]

VM state:not at safepoint (normal execution)

VM Mutex/Monitor currently owned by a thread: None

Heap:
 PSYoungGen      total 35840K, used 6228K [0x00000000d8380000, 0x00000000dab80000, 0x0000000100000000)
  eden space 30720K, 20% used [0x00000000d8380000,0x00000000d8995310,0x00000000da180000)
  from space 5120K, 0% used [0x00000000da680000,0x00000000da680000,0x00000000dab80000)
  to   space 5120K, 0% used [0x00000000da180000,0x00000000da180000,0x00000000da680000)
 ParOldGen       total 81920K, used 0K [0x0000000088a00000, 0x000000008da00000, 0x00000000d8380000)
  object space 81920K, 0% used [0x0000000088a00000,0x0000000088a00000,0x000000008da00000)
 Metaspace       used 5136K, capacity 5302K, committed 5504K, reserved 1056768K
  class space    used 555K, capacity 598K, committed 640K, reserved 1048576K

Card table byte_map: [0x0000000011dc0000,0x0000000012180000] byte_map_base: 0x000000001197b000

Marking Bits: (ParMarkBitMap*) 0x0000000071b05aa0
 Begin Bits: [0x0000000012800000, 0x00000000145d8000)
 End Bits:   [0x00000000145d8000, 0x00000000163b0000)

Polling page: 0x0000000000770000

CodeCache: size=245760Kb used=1748Kb max_used=1763Kb free=244011Kb
 bounds [0x0000000002a00000, 0x0000000002c70000, 0x0000000011a00000]
 total_blobs=592 nmethods=307 adapters=199
 compilation: enabled

Compilation events (10 events):
Event: 1.769 Thread 0x000000001711e000  304 %     4       java.math.BigInteger::primitiveLeftShift @ 31 (79 bytes)
Event: 1.770 Thread 0x000000001851f800 nmethod 302 0x0000000002bb1550 code [0x0000000002bb19c0, 0x0000000002bb4458]
Event: 1.775 Thread 0x000000001711e000 nmethod 304% 0x0000000002bae590 code [0x0000000002bae6e0, 0x0000000002baeab8]
Event: 1.775 Thread 0x000000001711e000  305 %     4       java.math.BigInteger::montReduce @ 9 (99 bytes)
Event: 1.786 Thread 0x000000001851b800 nmethod 303% 0x0000000002bb62d0 code [0x0000000002bb6440, 0x0000000002bb6c78]
Event: 1.786 Thread 0x000000001851b800  306       4       java.math.BigInteger::primitiveLeftShift (79 bytes)
Event: 1.791 Thread 0x000000001851b800 nmethod 306 0x0000000002bb7450 code [0x0000000002bb75a0, 0x0000000002bb77d8]
Event: 1.791 Thread 0x000000001851b800  307       4       java.math.BigInteger::implSquareToLen (154 bytes)
Event: 1.802 Thread 0x000000001851f800  308       3       java.math.BigInteger::montgomeryMultiply (54 bytes)
Event: 1.802 Thread 0x000000001851f800 nmethod 308 0x0000000002bb5990 code [0x0000000002bb5b40, 0x0000000002bb6028]

GC Heap History (0 events):
No events

Deoptimization events (1 events):
Event: 0.508 Thread 0x00000000029fe800 Uncommon trap: reason=unstable_if action=reinterpret pc=0x0000000002b5c694 method=java.lang.CharacterDataLatin1.digit(II)I @ 82

Classes redefined (0 events):
No events

Internal exceptions (2 events):
Event: 0.054 Thread 0x00000000029fe800 Exception <a 'java/lang/NoSuchMethodError': Method sun.misc.Unsafe.defineClass(Ljava/lang/String;[BII)Ljava/lang/Class; name or signature does not match> (0x00000000d8387ca8) thrown at [C:\BuildAgent\work\23225f20456de788\hotspot\src\share\vm\prims\jni.cp
Event: 0.054 Thread 0x00000000029fe800 Exception <a 'java/lang/NoSuchMethodError': Method sun.misc.Unsafe.prefetchRead(Ljava/lang/Object;J)V name or signature does not match> (0x00000000d8387f90) thrown at [C:\BuildAgent\work\23225f20456de788\hotspot\src\share\vm\prims\jni.cpp, line 4011]

Events (10 events):
Event: 1.797 Thread 0x00000000188c4800 DEOPT PACKING pc=0x0000000002baa22b sp=0x000000001910ebe0
Event: 1.797 Thread 0x00000000188c4800 DEOPT UNPACKING pc=0x0000000002a475d0 sp=0x000000001910e928 mode 0
Event: 1.798 Thread 0x00000000188c4800 DEOPT PACKING pc=0x0000000002baa22b sp=0x000000001910ebe0
Event: 1.798 Thread 0x00000000188c4800 DEOPT UNPACKING pc=0x0000000002a475d0 sp=0x000000001910e928 mode 0
Event: 1.800 Thread 0x00000000188c4800 DEOPT PACKING pc=0x0000000002baa22b sp=0x000000001910ebe0
Event: 1.800 Thread 0x00000000188c4800 DEOPT UNPACKING pc=0x0000000002a475d0 sp=0x000000001910e928 mode 0
Event: 1.801 Thread 0x00000000188c4800 DEOPT PACKING pc=0x0000000002baa22b sp=0x000000001910ebe0
Event: 1.801 Thread 0x00000000188c4800 DEOPT UNPACKING pc=0x0000000002a475d0 sp=0x000000001910e928 mode 0
Event: 1.803 Thread 0x00000000188c4800 DEOPT PACKING pc=0x0000000002baa22b sp=0x000000001910ebe0
Event: 1.803 Thread 0x00000000188c4800 DEOPT UNPACKING pc=0x0000000002a475d0 sp=0x000000001910e928 mode 0


Dynamic libraries:
0x00007ff667320000 - 0x00007ff667351000 	D:\soft\webstorm\WebStorm 2018.1.2\jre64\bin\java.exe
0x00007ffbdd5a0000 - 0x00007ffbdd78d000 	C:\WINDOWS\SYSTEM32\ntdll.dll
0x00007ffbdc9f0000 - 0x00007ffbdcaa3000 	C:\WINDOWS\System32\KERNEL32.DLL
0x00007ffbd9ba0000 - 0x00007ffbd9e33000 	C:\WINDOWS\System32\KERNELBASE.dll
0x00007ffbdd030000 - 0x00007ffbdd0d3000 	C:\WINDOWS\System32\ADVAPI32.dll
0x00007ffbdb0b0000 - 0x00007ffbdb14e000 	C:\WINDOWS\System32\msvcrt.dll
0x00007ffbdab90000 - 0x00007ffbdac2e000 	C:\WINDOWS\System32\sechost.dll
0x00007ffbda9a0000 - 0x00007ffbdaac2000 	C:\WINDOWS\System32\RPCRT4.dll
0x00007ffbda800000 - 0x00007ffbda997000 	C:\WINDOWS\System32\USER32.dll
0x00007ffbd9a20000 - 0x00007ffbd9a40000 	C:\WINDOWS\System32\win32u.dll
0x00007ffbdd470000 - 0x00007ffbdd499000 	C:\WINDOWS\System32\GDI32.dll
0x00007ffbd9850000 - 0x00007ffbd99ea000 	C:\WINDOWS\System32\gdi32full.dll
0x00007ffbda730000 - 0x00007ffbda7d0000 	C:\WINDOWS\System32\msvcp_win.dll
0x00007ffbd9a40000 - 0x00007ffbd9b3a000 	C:\WINDOWS\System32\ucrtbase.dll
0x00007ffbd1b90000 - 0x00007ffbd1e09000 	C:\WINDOWS\WinSxS\amd64_microsoft.windows.common-controls_6595b64144ccf1df_6.0.17763.437_none_05b63dca071e5dd6\COMCTL32.dll
0x00007ffbdcd00000 - 0x00007ffbdd02c000 	C:\WINDOWS\System32\combase.dll
0x00007ffbd9f40000 - 0x00007ffbd9fbe000 	C:\WINDOWS\System32\bcryptPrimitives.dll
0x00007ffbda7d0000 - 0x00007ffbda7fe000 	C:\WINDOWS\System32\IMM32.DLL
0x0000000071260000 - 0x0000000071332000 	D:\soft\webstorm\WebStorm 2018.1.2\jre64\bin\msvcr100.dll
0x0000000071340000 - 0x0000000071b81000 	D:\soft\webstorm\WebStorm 2018.1.2\jre64\bin\server\jvm.dll
0x00007ffbdc890000 - 0x00007ffbdc898000 	C:\WINDOWS\System32\PSAPI.DLL
0x00007ffbd1e80000 - 0x00007ffbd1e89000 	C:\WINDOWS\SYSTEM32\WSOCK32.dll
0x00007ffbdc820000 - 0x00007ffbdc88d000 	C:\WINDOWS\System32\WS2_32.dll
0x00007ffbd0c70000 - 0x00007ffbd0c94000 	C:\WINDOWS\SYSTEM32\WINMM.dll
0x00007ffbd0c60000 - 0x00007ffbd0c6a000 	C:\WINDOWS\SYSTEM32\VERSION.dll
0x00007ffbd0c30000 - 0x00007ffbd0c5d000 	C:\WINDOWS\SYSTEM32\winmmbase.dll
0x00007ffbd9e40000 - 0x00007ffbd9e8a000 	C:\WINDOWS\System32\cfgmgr32.dll
0x00007ffbd1e70000 - 0x00007ffbd1e7f000 	D:\soft\webstorm\WebStorm 2018.1.2\jre64\bin\verify.dll
0x00007ffbc8b40000 - 0x00007ffbc8b69000 	D:\soft\webstorm\WebStorm 2018.1.2\jre64\bin\java.dll
0x00007ffbcdb50000 - 0x00007ffbcdb66000 	D:\soft\webstorm\WebStorm 2018.1.2\jre64\bin\zip.dll
0x00007ffbdb150000 - 0x00007ffbdc640000 	C:\WINDOWS\System32\SHELL32.dll
0x00007ffbdd4c0000 - 0x00007ffbdd568000 	C:\WINDOWS\System32\shcore.dll
0x00007ffbd9fe0000 - 0x00007ffbda72a000 	C:\WINDOWS\System32\windows.storage.dll
0x00007ffbd9640000 - 0x00007ffbd9664000 	C:\WINDOWS\System32\profapi.dll
0x00007ffbd95e0000 - 0x00007ffbd963d000 	C:\WINDOWS\System32\powrprof.dll
0x00007ffbdc640000 - 0x00007ffbdc692000 	C:\WINDOWS\System32\shlwapi.dll
0x00007ffbd95c0000 - 0x00007ffbd95d1000 	C:\WINDOWS\System32\kernel.appcore.dll
0x00007ffbd9fc0000 - 0x00007ffbd9fd7000 	C:\WINDOWS\System32\cryptsp.dll
0x00007ffbb9610000 - 0x00007ffbb9634000 	D:\soft\webstorm\WebStorm 2018.1.2\jre64\bin\sunec.dll
0x00007ffbc8b20000 - 0x00007ffbc8b3a000 	D:\soft\webstorm\WebStorm 2018.1.2\jre64\bin\net.dll
0x00007ffbd8e20000 - 0x00007ffbd8e87000 	C:\WINDOWS\system32\mswsock.dll
0x00007ffbd8bc0000 - 0x00007ffbd8c86000 	C:\WINDOWS\SYSTEM32\DNSAPI.dll
0x00007ffbdccf0000 - 0x00007ffbdccf8000 	C:\WINDOWS\System32\NSI.dll
0x00007ffbd8b80000 - 0x00007ffbd8bbd000 	C:\WINDOWS\SYSTEM32\IPHLPAPI.DLL
0x00007ffbd0510000 - 0x00007ffbd051a000 	C:\Windows\System32\rasadhlp.dll
0x00007ffbd0f50000 - 0x00007ffbd0fc9000 	C:\WINDOWS\System32\fwpuclnt.dll
0x00007ffbd99f0000 - 0x00007ffbd9a16000 	C:\WINDOWS\System32\bcrypt.dll
0x00007ffbd89e0000 - 0x00007ffbd8a13000 	C:\WINDOWS\system32\rsaenh.dll
0x00007ffbd94a0000 - 0x00007ffbd94c8000 	C:\WINDOWS\SYSTEM32\USERENV.dll
0x00007ffbd8ff0000 - 0x00007ffbd8ffc000 	C:\WINDOWS\SYSTEM32\CRYPTBASE.dll
0x00007ffbd27c0000 - 0x00007ffbd27d6000 	C:\WINDOWS\SYSTEM32\dhcpcsvc6.DLL
0x00007ffbd27a0000 - 0x00007ffbd27bc000 	C:\WINDOWS\SYSTEM32\dhcpcsvc.DLL
0x00007ffbc8b00000 - 0x00007ffbc8b11000 	D:\soft\webstorm\WebStorm 2018.1.2\jre64\bin\nio.dll

VM Arguments:
java_command: org.jetbrains.git4idea.ssh.SSHMain -p 8888 git@git.valueonline.cn git-upload-pack '/capital-service-ipo.git'
java_class_path (initial): D:/soft/webstorm/WebStorm 2018.1.2/plugins/git4idea/lib/git4idea-rt.jar;D:/soft/webstorm/WebStorm 2018.1.2/lib/xmlrpc-2.0.1.jar;D:/soft/webstorm/WebStorm 2018.1.2/lib/commons-codec-1.9.jar;D:/soft/webstorm/WebStorm 2018.1.2/lib/util.jar;D:/soft/webstorm/WebStorm 2018.1.2/lib/trilead-ssh2-build-217-jenkins-11.jar;D:/soft/webstorm/WebStorm 2018.1.2/lib/eddsa-0.2.0.jar;D:/soft/webstorm/WebStorm 2018.1.2/lib/jbcrypt-1.0.0.jar
Launcher Type: SUN_STANDARD

Environment Variables:
JAVA_HOME=D:\Program Files\Java\jdk1.8.0_191
PATH=D:\soft\Git\mingw64/libexec/git-core;D:\soft\Git\mingw64/libexec/git-core;D:\soft\Git\mingw64\bin;D:\soft\Git\usr\bin;C:\Users\86155\bin;C:\Program Files (x86)\Common Files\Oracle\Java\javapath;C:\WINDOWS\system32;C:\WINDOWS;C:\WINDOWS\System32\Wbem;C:\WINDOWS\System32\WindowsPowerShell\v1.0\;;C:\WINDOWS\System32\OpenSSH\;D:\Program Files\Java\jdk1.8.0_191\bin;D:\apache-maven-3.5.3-bin\apache-maven-3.5.3\bin;D:\soft\;C:\Users\86155\AppData\Local\Microsoft\WindowsApps;C:\Users\86155\AppData\Local\BypassRuntm;C:\Users\86155\AppData\Roaming\npm
USERNAME=86155
OS=Windows_NT
PROCESSOR_IDENTIFIER=Intel64 Family 6 Model 78 Stepping 3, GenuineIntel



---------------  S Y S T E M  ---------------

OS: Windows 10.0 , 64 bit Build 17763 (10.0.17763.437)

CPU:total 4 (initial active 4) (2 cores per cpu, 2 threads per core) family 6 model 78 stepping 3, cmov, cx8, fxsr, mmx, sse, sse2, sse3, ssse3, sse4.1, sse4.2, popcnt, avx, avx2, aes, clmul, erms, 3dnowpref, lzcnt, ht, tsc, tscinvbit, bmi1, bmi2, adx

Memory: 4k page, physical 7822340k(408532k free), swap 18189184k(3696k free)

vm_info: OpenJDK 64-Bit Server VM (25.152-b29) for windows-amd64 JRE (1.8.0_152-release-1136-b29), built on Apr  6 2018 11:58:19 by "builduser" with MS VC++ 10.0 (VS2010)

time: Fri Apr 26 18:25:16 2019
elapsed time: 1 seconds (0d 0h 0m 1s)

